OpenROAD 41a51eaf4ca2171c92ff38afb91eb37bbd3f36da 
This program is licensed under the BSD-3 license. See the LICENSE file for details.
Components of this program may be licensed under more restrictive licenses which must be honored.
[INFO]: Reading ODB at '/openlane/designs/matrix_processor/runs/RUN_2026.06.02_13.14.40/results/floorplan/axi_wrapper.odb'…
define_corners Typical
read_liberty -corner Typical /home/xufre/.ciel/sky130A/libs.ref/sky130_fd_sc_hd/lib/sky130_fd_sc_hd__tt_025C_1v80.lib
Using 1e-12 for capacitance...
Using 1e+03 for resistance...
Using 1e-09 for time...
Using 1e+00 for voltage...
Using 1e-03 for current...
Using 1e-09 for power...
Using 1e-06 for distance...
Reading design constraints file at '/openlane/designs/matrix_processor/runs/RUN_2026.06.02_13.14.40/tmp/floorplan/3-initial_fp.sdc'…
[INFO]: Setting RC values...
[INFO]: Setting signal min routing layer to: met1 and clock min routing layer to met3. 
[INFO]: Setting signal max routing layer to: met5 and clock max routing layer to met5. 
[INFO GPL-0002] DBU: 1000
[INFO GPL-0003] SiteSize: 460 2720
[INFO GPL-0004] CoreAreaLxLy: 5520 10880
[INFO GPL-0005] CoreAreaUxUy: 903440 908480
[INFO GPL-0006] NumInstances: 52758
[INFO GPL-0007] NumPlaceInstances: 40644
[INFO GPL-0008] NumFixedInstances: 12114
[INFO GPL-0009] NumDummyInstances: 0
[INFO GPL-0010] NumNets: 40717
[INFO GPL-0011] NumPins: 147222
[INFO GPL-0012] DieAreaLxLy: 0 0
[INFO GPL-0013] DieAreaUxUy: 909020 919740
[INFO GPL-0014] CoreAreaLxLy: 5520 10880
[INFO GPL-0015] CoreAreaUxUy: 903440 908480
[INFO GPL-0016] CoreArea: 805972992000
[INFO GPL-0017] NonPlaceInstsArea: 16808620800
[INFO GPL-0018] PlaceInstsArea: 403185436800
[INFO GPL-0019] Util(%): 51.09
[INFO GPL-0020] StdInstsArea: 403185436800
[INFO GPL-0021] MacroInstsArea: 0
[InitialPlace]  Iter: 1 CG residual: 0.00311321 HPWL: 354553980
[InitialPlace]  Iter: 2 CG residual: 0.01148141 HPWL: 388010856
[InitialPlace]  Iter: 3 CG residual: 0.00248440 HPWL: 363086309
[InitialPlace]  Iter: 4 CG residual: 0.00363619 HPWL: 363182075
[InitialPlace]  Iter: 5 CG residual: 0.00353107 HPWL: 359476827
[InitialPlace]  Iter: 6 CG residual: 0.00698789 HPWL: 359578807
[InitialPlace]  Iter: 7 CG residual: 0.00251764 HPWL: 354733710
[InitialPlace]  Iter: 8 CG residual: 0.00317575 HPWL: 354365978
[InitialPlace]  Iter: 9 CG residual: 0.00233468 HPWL: 351930132
[InitialPlace]  Iter: 10 CG residual: 0.00171703 HPWL: 351852529
[InitialPlace]  Iter: 11 CG residual: 0.00106858 HPWL: 349982364
[InitialPlace]  Iter: 12 CG residual: 0.00043794 HPWL: 350732176
[InitialPlace]  Iter: 13 CG residual: 0.00035550 HPWL: 349432491
[InitialPlace]  Iter: 14 CG residual: 0.00026345 HPWL: 350518733
[InitialPlace]  Iter: 15 CG residual: 0.00020098 HPWL: 349440616
[InitialPlace]  Iter: 16 CG residual: 0.00017308 HPWL: 350460608
[InitialPlace]  Iter: 17 CG residual: 0.00014468 HPWL: 349354963
[InitialPlace]  Iter: 18 CG residual: 0.00012915 HPWL: 350442766
[InitialPlace]  Iter: 19 CG residual: 0.00011589 HPWL: 349351685
[InitialPlace]  Iter: 20 CG residual: 0.00011240 HPWL: 350427673
[INFO GPL-0031] FillerInit: NumGCells: 47962
[INFO GPL-0032] FillerInit: NumGNets: 40717
[INFO GPL-0033] FillerInit: NumGPins: 147222
[INFO GPL-0023] TargetDensity: 0.60
[INFO GPL-0024] AveragePlaceInstArea: 9919925
[INFO GPL-0025] IdealBinArea: 16533208
[INFO GPL-0026] IdealBinCnt: 48748
[INFO GPL-0027] TotalBinArea: 805972992000
[INFO GPL-0028] BinCnt: 128 128
[INFO GPL-0029] BinSize: 7015 7013
[INFO GPL-0030] NumBins: 16384
[NesterovSolve] Iter: 1 overflow: 0.998844 HPWL: 114956936
[NesterovSolve] Iter: 10 overflow: 0.996393 HPWL: 98114744
[NesterovSolve] Iter: 20 overflow: 0.996253 HPWL: 96007252
[NesterovSolve] Iter: 30 overflow: 0.996258 HPWL: 95236443
[NesterovSolve] Iter: 40 overflow: 0.99625 HPWL: 94649232
[NesterovSolve] Iter: 50 overflow: 0.996253 HPWL: 94316905
[NesterovSolve] Iter: 60 overflow: 0.996248 HPWL: 94207916
[NesterovSolve] Iter: 70 overflow: 0.996244 HPWL: 94178506
[NesterovSolve] Iter: 80 overflow: 0.99624 HPWL: 94151329
[NesterovSolve] Iter: 90 overflow: 0.996236 HPWL: 94145396
[NesterovSolve] Iter: 100 overflow: 0.996227 HPWL: 94175767
[NesterovSolve] Iter: 110 overflow: 0.996203 HPWL: 94245456
[NesterovSolve] Iter: 120 overflow: 0.996129 HPWL: 94389699
[NesterovSolve] Iter: 130 overflow: 0.995953 HPWL: 94709271
[NesterovSolve] Iter: 140 overflow: 0.995922 HPWL: 95443061
[NesterovSolve] Iter: 150 overflow: 0.995549 HPWL: 97303016
[NesterovSolve] Iter: 160 overflow: 0.995054 HPWL: 101962983
[NesterovSolve] Iter: 170 overflow: 0.993847 HPWL: 113664706
[NesterovSolve] Iter: 180 overflow: 0.99188 HPWL: 134446462
[NesterovSolve] Iter: 190 overflow: 0.987997 HPWL: 160650030
[NesterovSolve] Iter: 200 overflow: 0.982481 HPWL: 188454064
[NesterovSolve] Iter: 210 overflow: 0.974494 HPWL: 219007756
[NesterovSolve] Iter: 220 overflow: 0.964223 HPWL: 257109909
[NesterovSolve] Iter: 230 overflow: 0.950851 HPWL: 309235379
[NesterovSolve] Iter: 240 overflow: 0.932571 HPWL: 376187258
[NesterovSolve] Iter: 250 overflow: 0.905922 HPWL: 445433503
[NesterovSolve] Iter: 260 overflow: 0.874698 HPWL: 516465603
[NesterovSolve] Iter: 270 overflow: 0.843565 HPWL: 582717839
[NesterovSolve] Iter: 280 overflow: 0.812487 HPWL: 648584252
[INFO GPL-0100] worst slack 1e+30
[WARNING GPL-0102] No slacks found. Timing-driven mode disabled.
[NesterovSolve] Iter: 290 overflow: 0.775872 HPWL: 718292748
[NesterovSolve] Iter: 300 overflow: 0.736622 HPWL: 772289117
[NesterovSolve] Iter: 310 overflow: 0.700221 HPWL: 808516697
[NesterovSolve] Iter: 320 overflow: 0.663028 HPWL: 870279424
[NesterovSolve] Iter: 330 overflow: 0.624095 HPWL: 932079178
[NesterovSolve] Snapshot saved at iter = 337
[NesterovSolve] Iter: 340 overflow: 0.588844 HPWL: 960458447
[NesterovSolve] Iter: 350 overflow: 0.550613 HPWL: 957073017
[NesterovSolve] Iter: 360 overflow: 0.511779 HPWL: 1002648796
[NesterovSolve] Iter: 370 overflow: 0.475785 HPWL: 1010355178
[NesterovSolve] Iter: 380 overflow: 0.436087 HPWL: 1014783665
[NesterovSolve] Iter: 390 overflow: 0.397269 HPWL: 1019782539
[NesterovSolve] Iter: 400 overflow: 0.352988 HPWL: 1023491051
[NesterovSolve] Iter: 410 overflow: 0.317454 HPWL: 1012452798
[NesterovSolve] Iter: 420 overflow: 0.281213 HPWL: 1007492779
[NesterovSolve] Iter: 430 overflow: 0.248421 HPWL: 1009416367
[NesterovSolve] Iter: 440 overflow: 0.216659 HPWL: 1008981574
[INFO GPL-0075] Routability numCall: 1 inflationIterCnt: 1 bloatIterCnt: 0
[INFO GPL-0036] TileLxLy: 0 0
[INFO GPL-0037] TileSize: 6900 6900
[INFO GPL-0038] TileCnt: 131 133
[INFO GPL-0039] numRoutingLayers: 6
[INFO GPL-0040] NumTiles: 17423
[INFO GPL-0063] TotalRouteOverflowH2: 2.5000003576278687
[INFO GPL-0064] TotalRouteOverflowV2: 2.400000214576721
[INFO GPL-0065] OverflowTileCnt2: 32
[INFO GPL-0066] 0.5%RC: 1.0142011847016374
[INFO GPL-0067] 1.0%RC: 1.0071005923508187
[INFO GPL-0068] 2.0%RC: 1.0035502961754093
[INFO GPL-0069] 5.0%RC: 1.001028806731534
[INFO GPL-0070] 0.5rcK: 1.0
[INFO GPL-0071] 1.0rcK: 1.0
[INFO GPL-0072] 2.0rcK: 0.0
[INFO GPL-0073] 5.0rcK: 0.0
[INFO GPL-0074] FinalRC: 1.0106509
[NesterovSolve] Iter: 450 overflow: 0.188015 HPWL: 1011203105
[NesterovSolve] Iter: 460 overflow: 0.163073 HPWL: 1012188598
[NesterovSolve] Iter: 470 overflow: 0.140561 HPWL: 1013101667
[NesterovSolve] Iter: 480 overflow: 0.121769 HPWL: 1013880455
[NesterovSolve] Iter: 490 overflow: 0.10429 HPWL: 1014637529
[NesterovSolve] Finished with Overflow: 0.099782
Setting global connections for newly added cells…
Writing OpenROAD database to '/openlane/designs/matrix_processor/runs/RUN_2026.06.02_13.14.40/tmp/placement/7-global.odb'…
Writing netlist to '/openlane/designs/matrix_processor/runs/RUN_2026.06.02_13.14.40/tmp/placement/7-global.nl.v'…
Writing powered netlist to '/openlane/designs/matrix_processor/runs/RUN_2026.06.02_13.14.40/tmp/placement/7-global.pnl.v'…
Writing layout to '/openlane/designs/matrix_processor/runs/RUN_2026.06.02_13.14.40/tmp/placement/7-global.def'…
