OpenROAD 41a51eaf4ca2171c92ff38afb91eb37bbd3f36da 
This program is licensed under the BSD-3 license. See the LICENSE file for details.
Components of this program may be licensed under more restrictive licenses which must be honored.
[INFO]: Reading ODB at '/openlane/designs/matrix_processor/runs/RUN_2026.06.02_13.14.40/tmp/placement/7-global.odb'…
define_corners Slowest Typical Fastest
read_liberty -corner Slowest /home/xufre/.ciel/sky130A/libs.ref/sky130_fd_sc_hd/lib/sky130_fd_sc_hd__ss_100C_1v60.lib
read_liberty -corner Typical /home/xufre/.ciel/sky130A/libs.ref/sky130_fd_sc_hd/lib/sky130_fd_sc_hd__tt_025C_1v80.lib
read_liberty -corner Fastest /home/xufre/.ciel/sky130A/libs.ref/sky130_fd_sc_hd/lib/sky130_fd_sc_hd__ff_n40C_1v95.lib
Using 1e-12 for capacitance...
Using 1e+03 for resistance...
Using 1e-09 for time...
Using 1e+00 for voltage...
Using 1e-03 for current...
Using 1e-09 for power...
Using 1e-06 for distance...
Reading design constraints file at '/openlane/designs/matrix_processor/runs/RUN_2026.06.02_13.14.40/tmp/floorplan/3-initial_fp.sdc'…
[INFO]: Setting RC values...
[INFO RSZ-0027] Inserted 59 input buffers.
[INFO RSZ-0028] Inserted 37 output buffers.
[INFO RSZ-0058] Using max wire length 4189um.
[INFO RSZ-0034] Found 65 slew violations.
[INFO RSZ-0035] Found 2 fanout violations.
[INFO RSZ-0038] Inserted 555 buffers in 67 nets.
[INFO RSZ-0039] Resized 12703 instances.
[INFO RSZ-0042] Inserted 4 tie sky130_fd_sc_hd__conb_1 instances.
Placement Analysis
---------------------------------
total displacement     134048.0 u
average displacement        2.5 u
max displacement           21.0 u
original HPWL         1070197.8 u
legalized HPWL        1219828.7 u
delta HPWL                   14 %

[INFO DPL-0020] Mirrored 16193 instances
[INFO DPL-0021] HPWL before          1219828.7 u
[INFO DPL-0022] HPWL after           1184848.2 u
[INFO DPL-0023] HPWL delta               -2.9 %
Setting global connections for newly added cells…
Writing OpenROAD database to '/openlane/designs/matrix_processor/runs/RUN_2026.06.02_13.14.40/tmp/placement/9-resizer.odb'…
Writing netlist to '/openlane/designs/matrix_processor/runs/RUN_2026.06.02_13.14.40/tmp/placement/9-resizer.nl.v'…
Writing powered netlist to '/openlane/designs/matrix_processor/runs/RUN_2026.06.02_13.14.40/tmp/placement/9-resizer.pnl.v'…
Writing layout to '/openlane/designs/matrix_processor/runs/RUN_2026.06.02_13.14.40/tmp/placement/9-resizer.def'…
Writing timing constraints to '/openlane/designs/matrix_processor/runs/RUN_2026.06.02_13.14.40/tmp/placement/9-resizer.sdc'…
area_report

===========================================================================
report_design_area
============================================================================
Design area 493824 u^2 61% utilization.
area_report_end
