OpenROAD 41a51eaf4ca2171c92ff38afb91eb37bbd3f36da 
This program is licensed under the BSD-3 license. See the LICENSE file for details.
Components of this program may be licensed under more restrictive licenses which must be honored.
[INFO]: Reading ODB at '/openlane/designs/matrix_processor/runs/RUN_2026.06.02_13.14.40/tmp/floorplan/3-initial_fp.odb'…
define_corners Typical
read_liberty -corner Typical /home/xufre/.ciel/sky130A/libs.ref/sky130_fd_sc_hd/lib/sky130_fd_sc_hd__tt_025C_1v80.lib
Using 1e-12 for capacitance...
Using 1e+03 for resistance...
Using 1e-09 for time...
Using 1e+00 for voltage...
Using 1e-03 for current...
Using 1e-09 for power...
Using 1e-06 for distance...
Reading design constraints file at '/openlane/designs/matrix_processor/runs/RUN_2026.06.02_13.14.40/tmp/floorplan/3-initial_fp.sdc'…
Found 0 macro blocks.
Using 1u default distance from corners.
[INFO PPL-0010] Tentative 0 to set up sections.
[INFO PPL-0001] Number of slots          1108
[INFO PPL-0002] Number of I/O            114
[INFO PPL-0003] Number of I/O w/sink     114
[INFO PPL-0004] Number of I/O w/o sink   14
[INFO PPL-0005] Slots per section        200
[INFO PPL-0006] Slots increase factor    0.01
[INFO PPL-0008] Successfully assigned pins to sections.
[INFO PPL-0012] I/O nets HPWL: 53951.00 um.
Writing OpenROAD database to '/openlane/designs/matrix_processor/runs/RUN_2026.06.02_13.14.40/tmp/floorplan/4-io.odb'…
Writing layout to '/openlane/designs/matrix_processor/runs/RUN_2026.06.02_13.14.40/tmp/floorplan/4-io.def'…
