OpenROAD 41a51eaf4ca2171c92ff38afb91eb37bbd3f36da 
This program is licensed under the BSD-3 license. See the LICENSE file for details.
Components of this program may be licensed under more restrictive licenses which must be honored.
[INFO]: Reading ODB at '/openlane/designs/matrix_processor/runs/RUN_2026.06.02_13.14.40/tmp/15-axi_wrapper.odb'…
define_corners Slowest Typical Fastest
read_liberty -corner Slowest /home/xufre/.ciel/sky130A/libs.ref/sky130_fd_sc_hd/lib/sky130_fd_sc_hd__ss_100C_1v60.lib
read_liberty -corner Typical /home/xufre/.ciel/sky130A/libs.ref/sky130_fd_sc_hd/lib/sky130_fd_sc_hd__tt_025C_1v80.lib
read_liberty -corner Fastest /home/xufre/.ciel/sky130A/libs.ref/sky130_fd_sc_hd/lib/sky130_fd_sc_hd__ff_n40C_1v95.lib
Using 1e-12 for capacitance...
Using 1e+03 for resistance...
Using 1e-09 for time...
Using 1e+00 for voltage...
Using 1e-03 for current...
Using 1e-09 for power...
Using 1e-06 for distance...
Reading design constraints file at '/openlane/designs/matrix_processor/runs/RUN_2026.06.02_13.14.40/tmp/15-axi_wrapper.sdc'…
[WARNING STA-0357] virtual clock clk can not be propagated.
[INFO]: Setting signal min routing layer to: met1 and clock min routing layer to met3. 
[INFO]: Setting signal max routing layer to: met5 and clock max routing layer to met5. 
-congestion_iterations 50 -verbose -congestion_report_file /openlane/designs/matrix_processor/runs/RUN_2026.06.02_13.14.40/tmp/routing/resizer-routing-timing-congestion.rpt
[INFO GRT-0020] Min routing layer: met1
[INFO GRT-0021] Max routing layer: met5
[INFO GRT-0022] Global adjustment: 30%
[INFO GRT-0023] Grid origin: (0, 0)
[INFO GRT-0043] No OR_DEFAULT vias defined.
[INFO GRT-0088] Layer li1     Track-Pitch = 0.4600  line-2-Via Pitch: 0.3400
[INFO GRT-0088] Layer met1    Track-Pitch = 0.3400  line-2-Via Pitch: 0.3400
[INFO GRT-0088] Layer met2    Track-Pitch = 0.4600  line-2-Via Pitch: 0.3500
[INFO GRT-0088] Layer met3    Track-Pitch = 0.6800  line-2-Via Pitch: 0.6150
[INFO GRT-0088] Layer met4    Track-Pitch = 0.9200  line-2-Via Pitch: 1.0400
[INFO GRT-0088] Layer met5    Track-Pitch = 3.4000  line-2-Via Pitch: 3.1100
[INFO GRT-0019] Found 0 clock nets.
[INFO GRT-0001] Minimum degree: 2
[INFO GRT-0002] Maximum degree: 11
[INFO GRT-0003] Macros: 0
[INFO GRT-0004] Blockages: 65474

[INFO GRT-0053] Routing resources analysis:
          Routing      Original      Derated      Resource
Layer     Direction    Resources     Resources    Reduction (%)
---------------------------------------------------------------
li1        Vertical            0             0          0.00%
met1       Horizontal     348460        169112          51.47%
met2       Vertical       261345        174699          33.15%
met3       Horizontal     174230        121217          30.43%
met4       Vertical       104538         67496          35.43%
met5       Horizontal      34846         16770          51.87%
---------------------------------------------------------------

[INFO GRT-0101] Running extra iterations to remove overflow.
[INFO GRT-0197] Via related to pin nodes: 189121
[INFO GRT-0198] Via related Steiner nodes: 4980
[INFO GRT-0199] Via filling finished.
[INFO GRT-0111] Final number of vias: 210861
[INFO GRT-0112] Final usage 3D: 828436

[INFO GRT-0096] Final congestion report:
Layer         Resource        Demand        Usage (%)    Max H / Max V / Total Overflow
---------------------------------------------------------------------------------------
li1                  0             0            0.00%             0 /  0 /  0
met1            169112         81033           47.92%             0 /  0 /  0
met2            174699         84368           48.29%             0 /  0 /  0
met3            121217         16930           13.97%             0 /  0 /  0
met4             67496         13487           19.98%             0 /  0 /  0
met5             16770            35            0.21%             0 /  0 /  0
---------------------------------------------------------------------------------------
Total           549294        195853           35.66%             0 /  0 /  0

[INFO GRT-0018] Total wirelength: 2051418 um
[INFO GRT-0014] Routed nets: 41354
[INFO]: Setting RC values...
[INFO RSZ-0033] No hold violations found.
Placement Analysis
---------------------------------
total displacement          0.0 u
average displacement        0.0 u
max displacement            0.0 u
original HPWL         1208656.4 u
legalized HPWL        1245533.4 u
delta HPWL                    3 %

[INFO DPL-0020] Mirrored 16550 instances
[INFO DPL-0021] HPWL before          1245533.4 u
[INFO DPL-0022] HPWL after           1208656.4 u
[INFO DPL-0023] HPWL delta               -3.0 %
Setting global connections for newly added cells…
Writing OpenROAD database to '/openlane/designs/matrix_processor/runs/RUN_2026.06.02_13.14.40/tmp/17-axi_wrapper.odb'…
Writing netlist to '/openlane/designs/matrix_processor/runs/RUN_2026.06.02_13.14.40/tmp/17-axi_wrapper.nl.v'…
Writing powered netlist to '/openlane/designs/matrix_processor/runs/RUN_2026.06.02_13.14.40/tmp/17-axi_wrapper.pnl.v'…
Writing layout to '/openlane/designs/matrix_processor/runs/RUN_2026.06.02_13.14.40/tmp/17-axi_wrapper.def'…
Writing timing constraints to '/openlane/designs/matrix_processor/runs/RUN_2026.06.02_13.14.40/tmp/17-axi_wrapper.sdc'…
area_report

===========================================================================
report_design_area
============================================================================
Design area 512966 u^2 64% utilization.
area_report_end
