OpenROAD 41a51eaf4ca2171c92ff38afb91eb37bbd3f36da 
This program is licensed under the BSD-3 license. See the LICENSE file for details.
Components of this program may be licensed under more restrictive licenses which must be honored.
[INFO]: Reading ODB at '/openlane/designs/matrix_processor/runs/RUN_2026.06.02_13.14.40/tmp/routing/22-fill.odb'…
define_corners Typical
read_liberty -corner Typical /home/xufre/.ciel/sky130A/libs.ref/sky130_fd_sc_hd/lib/sky130_fd_sc_hd__tt_025C_1v80.lib
Using 1e-12 for capacitance...
Using 1e+03 for resistance...
Using 1e-09 for time...
Using 1e+00 for voltage...
Using 1e-03 for current...
Using 1e-09 for power...
Using 1e-06 for distance...
Reading design constraints file at '/openlane/designs/matrix_processor/runs/RUN_2026.06.02_13.14.40/tmp/17-axi_wrapper.sdc'…
[INFO ORD-0030] Using 2 thread(s).
[INFO DRT-0149] Reading tech and libs.

Units:                1000
Number of layers:     13
Number of macros:     441
Number of vias:       25
Number of viarulegen: 25

[INFO DRT-0150] Reading design.

Design:                   axi_wrapper
Die area:                 ( 0 0 ) ( 909020 919740 )
Number of track patterns: 12
Number of DEF vias:       0
Number of components:     96608
Number of terminals:      116
Number of snets:          2
Number of nets:           41368

[INFO DRT-0167] List of default vias:
  Layer mcon
    default via: L1M1_PR
  Layer via
    default via: M1M2_PR
  Layer via2
    default via: M2M3_PR
  Layer via3
    default via: M3M4_PR
  Layer via4
    default via: M4M5_PR
[INFO DRT-0162] Library cell analysis.
[INFO DRT-0163] Instance analysis.
  Complete 10000 instances.
  Complete 20000 instances.
  Complete 30000 instances.
  Complete 40000 instances.
  Complete 50000 instances.
  Complete 60000 instances.
  Complete 70000 instances.
  Complete 80000 instances.
  Complete 90000 instances.
[INFO DRT-0164] Number of unique instances = 274.
[INFO DRT-0168] Init region query.
[INFO DRT-0018]   Complete 10000 insts.
[INFO DRT-0018]   Complete 20000 insts.
[INFO DRT-0018]   Complete 30000 insts.
[INFO DRT-0018]   Complete 40000 insts.
[INFO DRT-0018]   Complete 50000 insts.
[INFO DRT-0018]   Complete 60000 insts.
[INFO DRT-0018]   Complete 70000 insts.
[INFO DRT-0018]   Complete 80000 insts.
[INFO DRT-0018]   Complete 90000 insts.
[INFO DRT-0024]   Complete FR_MASTERSLICE.
[INFO DRT-0024]   Complete licon.
[INFO DRT-0024]   Complete li1.
[INFO DRT-0024]   Complete mcon.
[INFO DRT-0024]   Complete met1.
[INFO DRT-0024]   Complete via.
[INFO DRT-0024]   Complete met2.
[INFO DRT-0024]   Complete via2.
[INFO DRT-0024]   Complete met3.
[INFO DRT-0024]   Complete via3.
[INFO DRT-0024]   Complete met4.
[INFO DRT-0024]   Complete via4.
[INFO DRT-0024]   Complete met5.
[INFO DRT-0033] FR_MASTERSLICE shape region query size = 0.
[INFO DRT-0033] licon shape region query size = 0.
[INFO DRT-0033] li1 shape region query size = 1580628.
[INFO DRT-0033] mcon shape region query size = 254688.
[INFO DRT-0033] met1 shape region query size = 268754.
[INFO DRT-0033] via shape region query size = 9930.
[INFO DRT-0033] met2 shape region query size = 5972.
[INFO DRT-0033] via2 shape region query size = 7944.
[INFO DRT-0033] met3 shape region query size = 6058.
[INFO DRT-0033] via3 shape region query size = 7944.
[INFO DRT-0033] met4 shape region query size = 2154.
[INFO DRT-0033] via4 shape region query size = 144.
[INFO DRT-0033] met5 shape region query size = 168.
[INFO DRT-0165] Start pin access.
[INFO DRT-0076]   Complete 100 pins.
[INFO DRT-0076]   Complete 200 pins.
[INFO DRT-0076]   Complete 300 pins.
[INFO DRT-0076]   Complete 400 pins.
[INFO DRT-0076]   Complete 500 pins.
[INFO DRT-0076]   Complete 600 pins.
[INFO DRT-0076]   Complete 700 pins.
[INFO DRT-0076]   Complete 800 pins.
[INFO DRT-0076]   Complete 900 pins.
[INFO DRT-0077]   Complete 1000 pins.
[INFO DRT-0078]   Complete 1110 pins.
[INFO DRT-0079]   Complete 100 unique inst patterns.
[INFO DRT-0079]   Complete 200 unique inst patterns.
[INFO DRT-0081]   Complete 256 unique inst patterns.
[INFO DRT-0082]   Complete 1000 groups.
[INFO DRT-0082]   Complete 2000 groups.
[INFO DRT-0082]   Complete 3000 groups.
[INFO DRT-0082]   Complete 4000 groups.
[INFO DRT-0082]   Complete 5000 groups.
[INFO DRT-0082]   Complete 6000 groups.
[INFO DRT-0082]   Complete 7000 groups.
[INFO DRT-0082]   Complete 8000 groups.
[INFO DRT-0082]   Complete 9000 groups.
[INFO DRT-0083]   Complete 10000 groups.
[INFO DRT-0083]   Complete 20000 groups.
[INFO DRT-0084]   Complete 23484 groups.
#scanned instances     = 96608
#unique  instances     = 274
#stdCellGenAp          = 7932
#stdCellValidPlanarAp  = 89
#stdCellValidViaAp     = 5986
#stdCellPinNoAp        = 0
#stdCellPinCnt         = 148410
#instTermValidViaApCnt = 0
#macroGenAp            = 0
#macroValidPlanarAp    = 0
#macroValidViaAp       = 0
#macroNoAp             = 0
[INFO DRT-0166] Complete pin access.
[INFO DRT-0267] cpu time = 00:07:41, elapsed time = 00:03:51, memory = 596.06 (MB), peak = 635.11 (MB)
[INFO DRT-0156] guideIn read 100000 guides.
[INFO DRT-0156] guideIn read 200000 guides.
[INFO DRT-0156] guideIn read 300000 guides.

Number of guides:     331059

[INFO DRT-0169] Post process guides.
[INFO DRT-0176] GCELLGRID X 0 DO 131 STEP 6900 ;
[INFO DRT-0177] GCELLGRID Y 0 DO 133 STEP 6900 ;
[INFO DRT-0026]   Complete 10000 origin guides.
[INFO DRT-0026]   Complete 20000 origin guides.
[INFO DRT-0026]   Complete 30000 origin guides.
[INFO DRT-0026]   Complete 40000 origin guides.
[INFO DRT-0026]   Complete 50000 origin guides.
[INFO DRT-0026]   Complete 60000 origin guides.
[INFO DRT-0026]   Complete 70000 origin guides.
[INFO DRT-0026]   Complete 80000 origin guides.
[INFO DRT-0026]   Complete 90000 origin guides.
[INFO DRT-0027]   Complete 100000 origin guides.
[INFO DRT-0027]   Complete 200000 origin guides.
[INFO DRT-0027]   Complete 300000 origin guides.
[INFO DRT-0028]   Complete FR_MASTERSLICE.
[INFO DRT-0028]   Complete licon.
[INFO DRT-0028]   Complete li1.
[INFO DRT-0028]   Complete mcon.
[INFO DRT-0028]   Complete met1.
[INFO DRT-0028]   Complete via.
[INFO DRT-0028]   Complete met2.
[INFO DRT-0028]   Complete via2.
[INFO DRT-0028]   Complete met3.
[INFO DRT-0028]   Complete via3.
[INFO DRT-0028]   Complete met4.
[INFO DRT-0028]   Complete via4.
[INFO DRT-0028]   Complete met5.
  complete 10000 nets.
  complete 20000 nets.
[INFO DRT-1000] Pin _68400_/A1 not in any guide. Attempting to patch guides to cover (at least part of) the pin.
  complete 30000 nets.
  complete 40000 nets.
[INFO DRT-0178] Init guide query.
[INFO DRT-0029]   Complete 10000 nets (guide).
[INFO DRT-0029]   Complete 20000 nets (guide).
[INFO DRT-0029]   Complete 30000 nets (guide).
[INFO DRT-0029]   Complete 40000 nets (guide).
[INFO DRT-0035]   Complete FR_MASTERSLICE (guide).
[INFO DRT-0035]   Complete licon (guide).
[INFO DRT-0035]   Complete li1 (guide).
[INFO DRT-0035]   Complete mcon (guide).
[INFO DRT-0035]   Complete met1 (guide).
[INFO DRT-0035]   Complete via (guide).
[INFO DRT-0035]   Complete met2 (guide).
[INFO DRT-0035]   Complete via2 (guide).
[INFO DRT-0035]   Complete met3 (guide).
[INFO DRT-0035]   Complete via3 (guide).
[INFO DRT-0035]   Complete met4 (guide).
[INFO DRT-0035]   Complete via4 (guide).
[INFO DRT-0035]   Complete met5 (guide).
[INFO DRT-0036] FR_MASTERSLICE guide region query size = 0.
[INFO DRT-0036] licon guide region query size = 0.
[INFO DRT-0036] li1 guide region query size = 116403.
[INFO DRT-0036] mcon guide region query size = 0.
[INFO DRT-0036] met1 guide region query size = 91905.
[INFO DRT-0036] via guide region query size = 0.
[INFO DRT-0036] met2 guide region query size = 48021.
[INFO DRT-0036] via2 guide region query size = 0.
[INFO DRT-0036] met3 guide region query size = 3121.
[INFO DRT-0036] via3 guide region query size = 0.
[INFO DRT-0036] met4 guide region query size = 984.
[INFO DRT-0036] via4 guide region query size = 0.
[INFO DRT-0036] met5 guide region query size = 7.
[INFO DRT-0179] Init gr pin query.
[INFO DRT-0245] skipped writing guide updates to database.
[INFO DRT-0185] Post process initialize RPin region query.
[INFO DRT-0181] Start track assignment.
[INFO DRT-0184] Done with 165408 vertical wires in 3 frboxes and 95033 horizontal wires in 3 frboxes.
[INFO DRT-0186] Done with 17157 vertical wires in 3 frboxes and 30968 horizontal wires in 3 frboxes.
[INFO DRT-0182] Complete track assignment.
[INFO DRT-0267] cpu time = 00:00:16, elapsed time = 00:00:09, memory = 973.18 (MB), peak = 1167.79 (MB)
[INFO DRT-0187] Start routing data preparation.
[INFO DRT-0267] cpu time = 00:00:00, elapsed time = 00:00:00, memory = 973.18 (MB), peak = 1167.79 (MB)
[INFO DRT-0194] Start detail routing.
[INFO DRT-0195] Start 0th optimization iteration.
    Completing 10% with 0 violations.
    elapsed time = 00:00:24, memory = 1718.83 (MB).
    Completing 20% with 0 violations.
    elapsed time = 00:00:53, memory = 2673.08 (MB).
    Completing 30% with 4825 violations.
    elapsed time = 00:01:09, memory = 2042.09 (MB).
    Completing 40% with 4825 violations.
    elapsed time = 00:01:48, memory = 2596.73 (MB).
    Completing 50% with 4825 violations.
    elapsed time = 00:02:21, memory = 3082.36 (MB).
    Completing 60% with 10339 violations.
    elapsed time = 00:02:47, memory = 2328.34 (MB).
    Completing 70% with 10339 violations.
    elapsed time = 00:03:27, memory = 2816.00 (MB).
    Completing 80% with 15557 violations.
    elapsed time = 00:03:59, memory = 2155.38 (MB).
    Completing 90% with 15557 violations.
    elapsed time = 00:04:41, memory = 2640.62 (MB).
    Completing 100% with 21016 violations.
    elapsed time = 00:05:20, memory = 2006.65 (MB).
[INFO DRT-0199]   Number of violations = 28754.
Viol/Layer         li1   mcon   met1    via   met2   met3   met4   met5
Cut Spacing          0     24      0      0      0      0      0      0
Metal Spacing      511      0   4577      0    565     12      2      2
Min Hole             0      0     19      0      1      0      0      0
NS Metal             8      0      4      0      0      0      0      0
Recheck             31      0   4969      0   2444    207     85      2
Short                0      0  13954      2   1321     13      1      0
[INFO DRT-0267] cpu time = 00:10:33, elapsed time = 00:05:21, memory = 2143.65 (MB), peak = 3166.95 (MB)
Total wire length = 1461987 um.
Total wire length on LAYER li1 = 0 um.
Total wire length on LAYER met1 = 638094 um.
Total wire length on LAYER met2 = 588923 um.
Total wire length on LAYER met3 = 139564 um.
Total wire length on LAYER met4 = 94292 um.
Total wire length on LAYER met5 = 1111 um.
Total number of vias = 315900.
Up-via summary (total 315900):.

-------------------------
 FR_MASTERSLICE         0
            li1    147554
           met1    161348
           met2      5202
           met3      1784
           met4        12
-------------------------
                   315900


[INFO DRT-0195] Start 1st optimization iteration.
    Completing 10% with 28754 violations.
    elapsed time = 00:02:53, memory = 2499.66 (MB).
    Completing 20% with 28754 violations.
    elapsed time = 00:03:27, memory = 3047.91 (MB).
    Completing 30% with 24573 violations.
    elapsed time = 00:03:45, memory = 2160.92 (MB).
    Completing 40% with 24573 violations.
    elapsed time = 00:04:20, memory = 2676.42 (MB).
    Completing 50% with 24573 violations.
    elapsed time = 00:04:53, memory = 3133.89 (MB).
    Completing 60% with 20801 violations.
    elapsed time = 00:05:18, memory = 2403.50 (MB).
    Completing 70% with 20801 violations.
    elapsed time = 00:05:53, memory = 3010.52 (MB).
    Completing 80% with 17169 violations.
    elapsed time = 00:06:24, memory = 2198.14 (MB).
    Completing 90% with 17169 violations.
    elapsed time = 00:07:01, memory = 2735.13 (MB).
    Completing 100% with 13097 violations.
    elapsed time = 00:07:36, memory = 2010.94 (MB).
[INFO DRT-0199]   Number of violations = 15302.
Viol/Layer         li1   mcon   met1   met2   met3   met4
Cut Spacing          0     12      0      0      0      0
Metal Spacing        1      0   2288    350      5      3
Min Hole             0      0      6      1      0      0
NS Metal             0      0      1      0      0      0
Recheck              0      0    409      3   1720     73
Short                0      0   9849    577      4      0
[INFO DRT-0267] cpu time = 00:10:13, elapsed time = 00:07:37, memory = 2148.32 (MB), peak = 3281.28 (MB)
Total wire length = 1450936 um.
Total wire length on LAYER li1 = 0 um.
Total wire length on LAYER met1 = 632591 um.
Total wire length on LAYER met2 = 583884 um.
Total wire length on LAYER met3 = 139624 um.
Total wire length on LAYER met4 = 93734 um.
Total wire length on LAYER met5 = 1102 um.
Total number of vias = 314227.
Up-via summary (total 314227):.

-------------------------
 FR_MASTERSLICE         0
            li1    147386
           met1    159870
           met2      5193
           met3      1766
           met4        12
-------------------------
                   314227


[INFO DRT-0195] Start 2nd optimization iteration.
    Completing 10% with 15302 violations.
    elapsed time = 00:00:29, memory = 2443.01 (MB).
    Completing 20% with 15302 violations.
    elapsed time = 00:01:07, memory = 2956.34 (MB).
    Completing 30% with 14961 violations.
    elapsed time = 00:01:28, memory = 2157.21 (MB).
    Completing 40% with 14961 violations.
    elapsed time = 00:02:03, memory = 2645.60 (MB).
    Completing 50% with 14961 violations.
    elapsed time = 00:02:26, memory = 3069.63 (MB).
    Completing 60% with 14115 violations.
    elapsed time = 00:03:00, memory = 2545.81 (MB).
    Completing 70% with 14115 violations.
    elapsed time = 00:03:37, memory = 3110.21 (MB).
    Completing 80% with 13169 violations.
    elapsed time = 00:03:56, memory = 2294.15 (MB).
    Completing 90% with 13169 violations.
    elapsed time = 00:04:34, memory = 2863.89 (MB).
    Completing 100% with 12083 violations.
    elapsed time = 00:05:00, memory = 2073.53 (MB).
[INFO DRT-0199]   Number of violations = 12995.
Viol/Layer        mcon   met1   met2   met3   met4
Cut Spacing         11      0      0      0      0
Metal Spacing        0   2245    287      3      1
Min Hole             0      8      0      0      0
NS Metal             0      1      0      0      0
Recheck              0    257      3    652      0
Short                0   9012    512      3      0
[INFO DRT-0267] cpu time = 00:09:54, elapsed time = 00:05:01, memory = 2207.41 (MB), peak = 3281.28 (MB)
Total wire length = 1447136 um.
Total wire length on LAYER li1 = 0 um.
Total wire length on LAYER met1 = 631381 um.
Total wire length on LAYER met2 = 581535 um.
Total wire length on LAYER met3 = 139323 um.
Total wire length on LAYER met4 = 93796 um.
Total wire length on LAYER met5 = 1099 um.
Total number of vias = 313598.
Up-via summary (total 313598):.

-------------------------
 FR_MASTERSLICE         0
            li1    147384
           met1    159269
           met2      5195
           met3      1738
           met4        12
-------------------------
                   313598


[INFO DRT-0195] Start 3rd optimization iteration.
    Completing 10% with 12995 violations.
    elapsed time = 00:00:17, memory = 2630.48 (MB).
    Completing 20% with 12995 violations.
    elapsed time = 00:00:39, memory = 3205.49 (MB).
    Completing 30% with 10341 violations.
    elapsed time = 00:00:52, memory = 2162.97 (MB).
    Completing 40% with 10341 violations.
    elapsed time = 00:01:24, memory = 2645.85 (MB).
    Completing 50% with 10341 violations.
    elapsed time = 00:01:42, memory = 3116.64 (MB).
    Completing 60% with 7489 violations.
    elapsed time = 00:02:01, memory = 2528.02 (MB).
    Completing 70% with 7489 violations.
    elapsed time = 00:02:27, memory = 2939.49 (MB).
    Completing 80% with 3907 violations.
    elapsed time = 00:02:46, memory = 2228.38 (MB).
    Completing 90% with 3907 violations.
    elapsed time = 00:03:15, memory = 2734.09 (MB).
    Completing 100% with 1198 violations.
    elapsed time = 00:03:38, memory = 2080.02 (MB).
[INFO DRT-0199]   Number of violations = 1211.
Viol/Layer        mcon   met1    via   met2   met3
Cut Spacing          3      0      1      0      0
Metal Spacing        0    376      0     66      2
Min Hole             0      2      0      0      0
Recheck              0      9      0      5      1
Short                0    680      1     65      0
[INFO DRT-0267] cpu time = 00:07:10, elapsed time = 00:03:39, memory = 2130.89 (MB), peak = 3323.98 (MB)
Total wire length = 1445591 um.
Total wire length on LAYER li1 = 0 um.
Total wire length on LAYER met1 = 601404 um.
Total wire length on LAYER met2 = 583772 um.
Total wire length on LAYER met3 = 165256 um.
Total wire length on LAYER met4 = 94057 um.
Total wire length on LAYER met5 = 1099 um.
Total number of vias = 319693.
Up-via summary (total 319693):.

-------------------------
 FR_MASTERSLICE         0
            li1    147384
           met1    161856
           met2      8678
           met3      1763
           met4        12
-------------------------
                   319693


[INFO DRT-0195] Start 4th optimization iteration.
    Completing 10% with 1211 violations.
    elapsed time = 00:00:04, memory = 2346.00 (MB).
    Completing 20% with 1211 violations.
    elapsed time = 00:00:07, memory = 2569.62 (MB).
    Completing 30% with 914 violations.
    elapsed time = 00:00:10, memory = 2141.69 (MB).
    Completing 40% with 914 violations.
    elapsed time = 00:00:14, memory = 2353.29 (MB).
    Completing 50% with 914 violations.
    elapsed time = 00:00:17, memory = 2555.01 (MB).
    Completing 60% with 617 violations.
    elapsed time = 00:00:21, memory = 2323.73 (MB).
    Completing 70% with 617 violations.
    elapsed time = 00:00:26, memory = 2652.48 (MB).
    Completing 80% with 266 violations.
    elapsed time = 00:00:30, memory = 2181.67 (MB).
    Completing 90% with 266 violations.
    elapsed time = 00:00:37, memory = 2487.00 (MB).
    Completing 100% with 86 violations.
    elapsed time = 00:00:42, memory = 2059.96 (MB).
[INFO DRT-0199]   Number of violations = 86.
Viol/Layer        mcon   met1   met2
Cut Spacing          1      0      0
Metal Spacing        0     33      0
Min Hole             0      1      0
Short                0     47      4
[INFO DRT-0267] cpu time = 00:01:20, elapsed time = 00:00:42, memory = 2064.34 (MB), peak = 3323.98 (MB)
Total wire length = 1445441 um.
Total wire length on LAYER li1 = 0 um.
Total wire length on LAYER met1 = 600596 um.
Total wire length on LAYER met2 = 583657 um.
Total wire length on LAYER met3 = 165944 um.
Total wire length on LAYER met4 = 94142 um.
Total wire length on LAYER met5 = 1099 um.
Total number of vias = 319765.
Up-via summary (total 319765):.

-------------------------
 FR_MASTERSLICE         0
            li1    147384
           met1    161852
           met2      8750
           met3      1767
           met4        12
-------------------------
                   319765


[INFO DRT-0195] Start 5th optimization iteration.
    Completing 10% with 86 violations.
    elapsed time = 00:00:00, memory = 2119.36 (MB).
    Completing 20% with 86 violations.
    elapsed time = 00:00:00, memory = 2119.36 (MB).
    Completing 30% with 61 violations.
    elapsed time = 00:00:01, memory = 2061.04 (MB).
    Completing 40% with 61 violations.
    elapsed time = 00:00:01, memory = 2061.04 (MB).
    Completing 50% with 61 violations.
    elapsed time = 00:00:02, memory = 2105.79 (MB).
    Completing 60% with 54 violations.
    elapsed time = 00:00:02, memory = 2105.79 (MB).
    Completing 70% with 54 violations.
    elapsed time = 00:00:02, memory = 2110.91 (MB).
    Completing 80% with 43 violations.
    elapsed time = 00:00:04, memory = 2061.18 (MB).
    Completing 90% with 43 violations.
    elapsed time = 00:00:05, memory = 2140.18 (MB).
    Completing 100% with 8 violations.
    elapsed time = 00:00:07, memory = 2061.69 (MB).
[INFO DRT-0199]   Number of violations = 8.
Viol/Layer        met1
Metal Spacing        2
Short                6
[INFO DRT-0267] cpu time = 00:00:12, elapsed time = 00:00:07, memory = 2061.82 (MB), peak = 3323.98 (MB)
Total wire length = 1445424 um.
Total wire length on LAYER li1 = 0 um.
Total wire length on LAYER met1 = 600552 um.
Total wire length on LAYER met2 = 583657 um.
Total wire length on LAYER met3 = 165972 um.
Total wire length on LAYER met4 = 94142 um.
Total wire length on LAYER met5 = 1099 um.
Total number of vias = 319779.
Up-via summary (total 319779):.

-------------------------
 FR_MASTERSLICE         0
            li1    147384
           met1    161859
           met2      8757
           met3      1767
           met4        12
-------------------------
                   319779


[INFO DRT-0195] Start 6th optimization iteration.
    Completing 10% with 8 violations.
    elapsed time = 00:00:00, memory = 2061.82 (MB).
    Completing 20% with 8 violations.
    elapsed time = 00:00:00, memory = 2061.82 (MB).
    Completing 30% with 8 violations.
    elapsed time = 00:00:01, memory = 2061.82 (MB).
    Completing 40% with 8 violations.
    elapsed time = 00:00:01, memory = 2061.82 (MB).
    Completing 50% with 8 violations.
    elapsed time = 00:00:01, memory = 2061.82 (MB).
    Completing 60% with 8 violations.
    elapsed time = 00:00:01, memory = 2061.82 (MB).
    Completing 70% with 8 violations.
    elapsed time = 00:00:01, memory = 2061.82 (MB).
    Completing 80% with 8 violations.
    elapsed time = 00:00:01, memory = 2061.82 (MB).
    Completing 90% with 8 violations.
    elapsed time = 00:00:01, memory = 2111.32 (MB).
    Completing 100% with 2 violations.
    elapsed time = 00:00:02, memory = 2062.28 (MB).
[INFO DRT-0199]   Number of violations = 2.
Viol/Layer        met1
Metal Spacing        1
Short                1
[INFO DRT-0267] cpu time = 00:00:03, elapsed time = 00:00:02, memory = 2062.28 (MB), peak = 3323.98 (MB)
Total wire length = 1445428 um.
Total wire length on LAYER li1 = 0 um.
Total wire length on LAYER met1 = 600551 um.
Total wire length on LAYER met2 = 583659 um.
Total wire length on LAYER met3 = 165975 um.
Total wire length on LAYER met4 = 94142 um.
Total wire length on LAYER met5 = 1099 um.
Total number of vias = 319784.
Up-via summary (total 319784):.

-------------------------
 FR_MASTERSLICE         0
            li1    147384
           met1    161862
           met2      8759
           met3      1767
           met4        12
-------------------------
                   319784


[INFO DRT-0195] Start 7th optimization iteration.
    Completing 10% with 2 violations.
    elapsed time = 00:00:00, memory = 2062.28 (MB).
    Completing 20% with 2 violations.
    elapsed time = 00:00:00, memory = 2062.28 (MB).
    Completing 30% with 1 violations.
    elapsed time = 00:00:00, memory = 2105.28 (MB).
    Completing 40% with 1 violations.
    elapsed time = 00:00:00, memory = 2105.28 (MB).
    Completing 50% with 1 violations.
    elapsed time = 00:00:00, memory = 2105.28 (MB).
    Completing 60% with 1 violations.
    elapsed time = 00:00:00, memory = 2105.28 (MB).
    Completing 70% with 1 violations.
    elapsed time = 00:00:00, memory = 2105.28 (MB).
    Completing 80% with 1 violations.
    elapsed time = 00:00:00, memory = 2105.28 (MB).
    Completing 90% with 1 violations.
    elapsed time = 00:00:00, memory = 2105.28 (MB).
    Completing 100% with 1 violations.
    elapsed time = 00:00:01, memory = 2105.28 (MB).
[INFO DRT-0199]   Number of violations = 1.
Viol/Layer        met1
Short                1
[INFO DRT-0267] cpu time = 00:00:01, elapsed time = 00:00:01, memory = 2105.28 (MB), peak = 3323.98 (MB)
Total wire length = 1445428 um.
Total wire length on LAYER li1 = 0 um.
Total wire length on LAYER met1 = 600550 um.
Total wire length on LAYER met2 = 583659 um.
Total wire length on LAYER met3 = 165975 um.
Total wire length on LAYER met4 = 94142 um.
Total wire length on LAYER met5 = 1099 um.
Total number of vias = 319784.
Up-via summary (total 319784):.

-------------------------
 FR_MASTERSLICE         0
            li1    147384
           met1    161862
           met2      8759
           met3      1767
           met4        12
-------------------------
                   319784


[INFO DRT-0195] Start 8th optimization iteration.
    Completing 10% with 1 violations.
    elapsed time = 00:00:00, memory = 2105.28 (MB).
    Completing 20% with 1 violations.
    elapsed time = 00:00:00, memory = 2105.28 (MB).
    Completing 30% with 1 violations.
    elapsed time = 00:00:00, memory = 2105.28 (MB).
    Completing 40% with 1 violations.
    elapsed time = 00:00:00, memory = 2105.28 (MB).
    Completing 50% with 1 violations.
    elapsed time = 00:00:00, memory = 2105.28 (MB).
    Completing 60% with 1 violations.
    elapsed time = 00:00:00, memory = 2105.28 (MB).
    Completing 70% with 1 violations.
    elapsed time = 00:00:00, memory = 2105.28 (MB).
    Completing 80% with 1 violations.
    elapsed time = 00:00:00, memory = 2105.28 (MB).
    Completing 90% with 1 violations.
    elapsed time = 00:00:00, memory = 2105.28 (MB).
    Completing 100% with 1 violations.
    elapsed time = 00:00:01, memory = 2105.28 (MB).
[INFO DRT-0199]   Number of violations = 1.
Viol/Layer        met1
Short                1
[INFO DRT-0267] cpu time = 00:00:02, elapsed time = 00:00:02, memory = 2105.28 (MB), peak = 3323.98 (MB)
Total wire length = 1445428 um.
Total wire length on LAYER li1 = 0 um.
Total wire length on LAYER met1 = 600550 um.
Total wire length on LAYER met2 = 583659 um.
Total wire length on LAYER met3 = 165975 um.
Total wire length on LAYER met4 = 94142 um.
Total wire length on LAYER met5 = 1099 um.
Total number of vias = 319784.
Up-via summary (total 319784):.

-------------------------
 FR_MASTERSLICE         0
            li1    147384
           met1    161862
           met2      8759
           met3      1767
           met4        12
-------------------------
                   319784


[INFO DRT-0195] Start 9th optimization iteration.
    Completing 10% with 1 violations.
    elapsed time = 00:00:00, memory = 2105.28 (MB).
    Completing 20% with 1 violations.
    elapsed time = 00:00:00, memory = 2105.28 (MB).
    Completing 30% with 1 violations.
    elapsed time = 00:00:00, memory = 2105.28 (MB).
    Completing 40% with 1 violations.
    elapsed time = 00:00:00, memory = 2105.28 (MB).
    Completing 50% with 1 violations.
    elapsed time = 00:00:00, memory = 2119.65 (MB).
    Completing 60% with 1 violations.
    elapsed time = 00:00:00, memory = 2062.49 (MB).
    Completing 70% with 1 violations.
    elapsed time = 00:00:00, memory = 2062.49 (MB).
    Completing 80% with 1 violations.
    elapsed time = 00:00:00, memory = 2062.49 (MB).
    Completing 90% with 1 violations.
    elapsed time = 00:00:00, memory = 2062.49 (MB).
    Completing 100% with 1 violations.
    elapsed time = 00:00:00, memory = 2062.49 (MB).
[INFO DRT-0199]   Number of violations = 1.
Viol/Layer        met1
Short                1
[INFO DRT-0267] cpu time = 00:00:01, elapsed time = 00:00:01, memory = 2062.49 (MB), peak = 3323.98 (MB)
Total wire length = 1445428 um.
Total wire length on LAYER li1 = 0 um.
Total wire length on LAYER met1 = 600550 um.
Total wire length on LAYER met2 = 583659 um.
Total wire length on LAYER met3 = 165975 um.
Total wire length on LAYER met4 = 94142 um.
Total wire length on LAYER met5 = 1099 um.
Total number of vias = 319784.
Up-via summary (total 319784):.

-------------------------
 FR_MASTERSLICE         0
            li1    147384
           met1    161862
           met2      8759
           met3      1767
           met4        12
-------------------------
                   319784


[INFO DRT-0195] Start 10th optimization iteration.
    Completing 10% with 1 violations.
    elapsed time = 00:00:00, memory = 2062.49 (MB).
    Completing 20% with 1 violations.
    elapsed time = 00:00:00, memory = 2062.49 (MB).
    Completing 30% with 1 violations.
    elapsed time = 00:00:00, memory = 2062.49 (MB).
    Completing 40% with 1 violations.
    elapsed time = 00:00:00, memory = 2062.49 (MB).
    Completing 50% with 1 violations.
    elapsed time = 00:00:00, memory = 2062.49 (MB).
    Completing 60% with 1 violations.
    elapsed time = 00:00:00, memory = 2062.49 (MB).
    Completing 70% with 1 violations.
    elapsed time = 00:00:00, memory = 2062.49 (MB).
    Completing 80% with 0 violations.
    elapsed time = 00:00:00, memory = 2062.49 (MB).
    Completing 90% with 0 violations.
    elapsed time = 00:00:00, memory = 2062.49 (MB).
    Completing 100% with 0 violations.
    elapsed time = 00:00:00, memory = 2062.49 (MB).
[INFO DRT-0199]   Number of violations = 0.
[INFO DRT-0267] cpu time = 00:00:00, elapsed time = 00:00:00, memory = 2062.49 (MB), peak = 3323.98 (MB)
Total wire length = 1445421 um.
Total wire length on LAYER li1 = 0 um.
Total wire length on LAYER met1 = 600550 um.
Total wire length on LAYER met2 = 583653 um.
Total wire length on LAYER met3 = 165975 um.
Total wire length on LAYER met4 = 94142 um.
Total wire length on LAYER met5 = 1099 um.
Total number of vias = 319781.
Up-via summary (total 319781):.

-------------------------
 FR_MASTERSLICE         0
            li1    147384
           met1    161859
           met2      8759
           met3      1767
           met4        12
-------------------------
                   319781


[INFO DRT-0198] Complete detail routing.
Total wire length = 1445421 um.
Total wire length on LAYER li1 = 0 um.
Total wire length on LAYER met1 = 600550 um.
Total wire length on LAYER met2 = 583653 um.
Total wire length on LAYER met3 = 165975 um.
Total wire length on LAYER met4 = 94142 um.
Total wire length on LAYER met5 = 1099 um.
Total number of vias = 319781.
Up-via summary (total 319781):.

-------------------------
 FR_MASTERSLICE         0
            li1    147384
           met1    161859
           met2      8759
           met3      1767
           met4        12
-------------------------
                   319781


[INFO DRT-0267] cpu time = 00:39:35, elapsed time = 00:22:39, memory = 2062.49 (MB), peak = 3323.98 (MB)

[INFO DRT-0180] Post processing.
Setting global connections for newly added cells…
Writing OpenROAD database to '/openlane/designs/matrix_processor/runs/RUN_2026.06.02_13.14.40/results/routing/axi_wrapper.odb'…
Writing netlist to '/openlane/designs/matrix_processor/runs/RUN_2026.06.02_13.14.40/results/routing/axi_wrapper.nl.v'…
Writing powered netlist to '/openlane/designs/matrix_processor/runs/RUN_2026.06.02_13.14.40/results/routing/axi_wrapper.pnl.v'…
Writing layout to '/openlane/designs/matrix_processor/runs/RUN_2026.06.02_13.14.40/results/routing/axi_wrapper.def'…
