[INFO]: Run Directory: /openlane/designs/matrix_processor/runs/RUN_2026.06.02_13.14.40
[INFO]: Saving runtime environment...
[INFO]: Preparing LEF files for the nom corner...
[INFO]: Preparing LEF files for the min corner...
[INFO]: Preparing LEF files for the max corner...
[INFO]: Running Synthesis (log: runs/RUN_2026.06.02_13.14.40/logs/synthesis/1-synthesis.log)...
[INFO]: Running Single-Corner Static Timing Analysis (log: runs/RUN_2026.06.02_13.14.40/logs/synthesis/2-sta.log)...
[INFO]: Running Initial Floorplanning (log: runs/RUN_2026.06.02_13.14.40/logs/floorplan/3-initial_fp.log)...
[INFO]: Floorplanned with width 897.92 and height 897.6.
[INFO]: Running IO Placement...
[INFO]: Running Tap/Decap Insertion (log: runs/RUN_2026.06.02_13.14.40/logs/floorplan/5-tap.log)...
[INFO]: Power planning with power {VPWR} and ground {VGND}...
[INFO]: Generating PDN (log: runs/RUN_2026.06.02_13.14.40/logs/floorplan/6-pdn.log)...
[INFO]: Running Global Placement (log: runs/RUN_2026.06.02_13.14.40/logs/placement/7-global.log)...
[INFO]: Running Single-Corner Static Timing Analysis (log: runs/RUN_2026.06.02_13.14.40/logs/placement/8-gpl_sta.log)...
[INFO]: Running Placement Resizer Design Optimizations (log: runs/RUN_2026.06.02_13.14.40/logs/placement/9-resizer.log)...
[INFO]: Running Detailed Placement (log: runs/RUN_2026.06.02_13.14.40/logs/placement/10-detailed.log)...
[INFO]: Running Single-Corner Static Timing Analysis (log: runs/RUN_2026.06.02_13.14.40/logs/placement/11-dpl_sta.log)...
[INFO]: Running Clock Tree Synthesis (log: runs/RUN_2026.06.02_13.14.40/logs/cts/12-cts.log)...
[INFO]: Running Single-Corner Static Timing Analysis (log: runs/RUN_2026.06.02_13.14.40/logs/cts/13-cts_sta.log)...
[INFO]: Generating PDN (log: runs/RUN_2026.06.02_13.14.40/logs/floorplan/14-pdn.log)...
[INFO]: Running Global Routing Resizer Design Optimizations (log: runs/RUN_2026.06.02_13.14.40/logs/routing/15-resizer_design.log)...
[INFO]: Running Single-Corner Static Timing Analysis (log: runs/RUN_2026.06.02_13.14.40/logs/routing/16-rsz_design_sta.log)...
[INFO]: Running Global Routing Resizer Timing Optimizations (log: runs/RUN_2026.06.02_13.14.40/logs/routing/17-resizer_timing.log)...
[INFO]: Running Single-Corner Static Timing Analysis (log: runs/RUN_2026.06.02_13.14.40/logs/routing/18-rsz_timing_sta.log)...
[INFO]: Running Global Routing (log: runs/RUN_2026.06.02_13.14.40/logs/routing/19-global.log)...
[INFO]: Starting OpenROAD Antenna Repair Iterations...
[INFO]: Starting antenna repair iteration 1 with 1 violations...
[INFO]: [Iteration 1] Failed to reduce antenna violations (1 -> 1), stopping iterations...
[INFO]: Writing Verilog (log: runs/RUN_2026.06.02_13.14.40/logs/routing/19-global_write_netlist.log)...
[INFO]: Running Single-Corner Static Timing Analysis (log: runs/RUN_2026.06.02_13.14.40/logs/routing/21-grt_sta.log)...
[INFO]: Running Fill Insertion (log: runs/RUN_2026.06.02_13.14.40/logs/routing/22-fill.log)...
[INFO]: Running Detailed Routing (log: runs/RUN_2026.06.02_13.14.40/logs/routing/23-detailed.log)...
[INFO]: No DRC violations after detailed routing.
[INFO]: Checking Wire Lengths (log: runs/RUN_2026.06.02_13.14.40/logs/routing/24-wire_lengths.log)...
[INFO]: Running Magic to generate various views...
[INFO]: Streaming out GDSII with Magic (log: runs/RUN_2026.06.02_13.14.40/logs/signoff/25-gdsii.log)...
[INFO]: Generating MAGLEF views...
[INFO]: Generating lef with Magic (/openlane/designs/matrix_processor/runs/RUN_2026.06.02_13.14.40/logs/signoff/25-lef.log)...
[INFO]: Writing Powered Verilog (logs: runs/RUN_2026.06.02_13.14.40/logs/signoff/26-write_powered_def.log, runs/RUN_2026.06.02_13.14.40/logs/signoff/26-write_powered_verilog.log)...
[INFO]: Writing Verilog (log: runs/RUN_2026.06.02_13.14.40/logs/signoff/26-write_powered_verilog.log)...
[INFO]: Running LVS (log: runs/RUN_2026.06.02_13.14.40/logs/signoff/28-lvs.lef.log)...
[INFO]: Running Magic DRC (log: runs/RUN_2026.06.02_13.14.40/logs/signoff/29-drc.log)...
[INFO]: Converting Magic DRC database to various tool-readable formats...
[INFO]: No DRC violations after GDS streaming out.
