
65. Printing statistics.

=== axi_wrapper ===

   Number of wires:              40624
   Number of wire bits:          40717
   Number of public wires:        3446
   Number of public wire bits:    3539
   Number of memories:               0
   Number of memory bits:            0
   Number of processes:              0
   Number of cells:              40644
     sky130_fd_sc_hd__a2111o_2       2
     sky130_fd_sc_hd__a2111oi_2     31
     sky130_fd_sc_hd__a211o_2      495
     sky130_fd_sc_hd__a211oi_2     544
     sky130_fd_sc_hd__a21bo_2      626
     sky130_fd_sc_hd__a21boi_2     255
     sky130_fd_sc_hd__a21o_2      1774
     sky130_fd_sc_hd__a21oi_2     1533
     sky130_fd_sc_hd__a221o_2        2
     sky130_fd_sc_hd__a221oi_2       2
     sky130_fd_sc_hd__a22o_2      1577
     sky130_fd_sc_hd__a22oi_2      412
     sky130_fd_sc_hd__a2bb2o_2       4
     sky130_fd_sc_hd__a311o_2       52
     sky130_fd_sc_hd__a311oi_2       3
     sky130_fd_sc_hd__a31o_2       729
     sky130_fd_sc_hd__a31oi_2       16
     sky130_fd_sc_hd__a32o_2        21
     sky130_fd_sc_hd__a32oi_2       52
     sky130_fd_sc_hd__a41o_2        12
     sky130_fd_sc_hd__a41oi_2        2
     sky130_fd_sc_hd__and2_2      2656
     sky130_fd_sc_hd__and2b_2      621
     sky130_fd_sc_hd__and3_2      1974
     sky130_fd_sc_hd__and3b_2      563
     sky130_fd_sc_hd__and4_2       990
     sky130_fd_sc_hd__and4b_2        7
     sky130_fd_sc_hd__and4bb_2      82
     sky130_fd_sc_hd__buf_1       4596
     sky130_fd_sc_hd__conb_1         4
     sky130_fd_sc_hd__dfrtp_2      122
     sky130_fd_sc_hd__dfxtp_2     3337
     sky130_fd_sc_hd__inv_2        418
     sky130_fd_sc_hd__mux2_2      2144
     sky130_fd_sc_hd__mux4_2       159
     sky130_fd_sc_hd__nand2_2     2143
     sky130_fd_sc_hd__nand2b_2       3
     sky130_fd_sc_hd__nand3_2      987
     sky130_fd_sc_hd__nand3b_2     139
     sky130_fd_sc_hd__nand4_2     1311
     sky130_fd_sc_hd__nor2_2      1299
     sky130_fd_sc_hd__nor2b_2        1
     sky130_fd_sc_hd__nor3_2       355
     sky130_fd_sc_hd__nor3b_2       61
     sky130_fd_sc_hd__nor4_2         9
     sky130_fd_sc_hd__o2111a_2      54
     sky130_fd_sc_hd__o2111ai_2      1
     sky130_fd_sc_hd__o211a_2      716
     sky130_fd_sc_hd__o211ai_2     414
     sky130_fd_sc_hd__o21a_2       601
     sky130_fd_sc_hd__o21ai_2      974
     sky130_fd_sc_hd__o21ba_2      189
     sky130_fd_sc_hd__o21bai_2      76
     sky130_fd_sc_hd__o221a_2       95
     sky130_fd_sc_hd__o22a_2         6
     sky130_fd_sc_hd__o22ai_2        2
     sky130_fd_sc_hd__o2bb2a_2     132
     sky130_fd_sc_hd__o2bb2ai_2      1
     sky130_fd_sc_hd__o311a_2        4
     sky130_fd_sc_hd__o311ai_2       1
     sky130_fd_sc_hd__o31a_2        20
     sky130_fd_sc_hd__o31ai_2       10
     sky130_fd_sc_hd__o32a_2        47
     sky130_fd_sc_hd__o32ai_2        1
     sky130_fd_sc_hd__o41a_2         3
     sky130_fd_sc_hd__or2_2       1408
     sky130_fd_sc_hd__or2b_2       350
     sky130_fd_sc_hd__or3_2        891
     sky130_fd_sc_hd__or3b_2        71
     sky130_fd_sc_hd__or4_2         12
     sky130_fd_sc_hd__or4b_2        46
     sky130_fd_sc_hd__or4bb_2        1
     sky130_fd_sc_hd__xnor2_2     1636
     sky130_fd_sc_hd__xor2_2       757

   Chip area for module '\axi_wrapper': 403185.436800

