OpenROAD 41a51eaf4ca2171c92ff38afb91eb37bbd3f36da 
This program is licensed under the BSD-3 license. See the LICENSE file for details.
Components of this program may be licensed under more restrictive licenses which must be honored.
[INFO ODB-0222] Reading LEF file: /openlane/designs/matrix_processor/runs/RUN_2026.06.02_13.14.40/tmp/merged.nom.lef
[INFO ODB-0223]     Created 14 technology layers
[INFO ODB-0224]     Created 25 technology vias
[INFO ODB-0225]     Created 441 library cells
[INFO ODB-0226] Finished LEF file:  /openlane/designs/matrix_processor/runs/RUN_2026.06.02_13.14.40/tmp/merged.nom.lef
[INFO ODB-0127] Reading DEF file: /openlane/designs/matrix_processor/runs/RUN_2026.06.02_13.14.40/results/routing/axi_wrapper.def
[INFO ODB-0128] Design: axi_wrapper
[INFO ODB-0130]     Created 116 pins.
[INFO ODB-0131]     Created 96608 components and 512393 component-terminals.
[INFO ODB-0132]     Created 2 special nets and 363524 connections.
[INFO ODB-0133]     Created 41368 nets and 148865 connections.
[INFO ODB-0134] Finished DEF file: /openlane/designs/matrix_processor/runs/RUN_2026.06.02_13.14.40/results/routing/axi_wrapper.def
Top-level design name: axi_wrapper
Found default power net 'VPWR'
Found default ground net 'VGND'
Found 1 power ports.
Found 1 ground ports.
Modified power connections of 96608/96608 cells.
